==270724== Memcheck, a memory error detector
==270724== Copyright (C) 2002-2017, and GNU GPL'd, by Julian Seward et al.
==270724== Using Valgrind-3.18.1-42b08ed5bd-20211015 and LibVEX; rerun with -h for copyright info
==270724== Command: ./so_long maps/nice_map.ber
==270724== Parent PID: 265858
==270724== 
--270724-- 
--270724-- Valgrind options:
--270724--    --leak-check=full
--270724--    --show-leak-kinds=all
--270724--    --track-origins=yes
--270724--    --verbose
--270724--    --log-file=valgrind_output.log
--270724--    --malloc-fill=0xAA
--270724--    --free-fill=0x55
--270724-- Contents of /proc/version:
--270724--   Linux version 5.15.0-124-generic (buildd@lcy02-amd64-118) (gcc (Ubuntu 11.4.0-1ubuntu1~22.04) 11.4.0, GNU ld (GNU Binutils for Ubuntu) 2.38) #134-Ubuntu SMP Fri Sep 27 20:20:17 UTC 2024
--270724-- 
--270724-- Arch and hwcaps: AMD64, LittleEndian, amd64-cx16-lzcnt-rdtscp-sse3-ssse3-avx-avx2-bmi-f16c-rdrand
--270724-- Page sizes: currently 4096, max supported 4096
--270724-- Valgrind library directory: /usr/libexec/valgrind
--270724-- Reading syms from /home/nilamber/CC/M2/sl/so_long
--270724-- Reading syms from /usr/lib/x86_64-linux-gnu/ld-linux-x86-64.so.2
--270724--   Considering /usr/lib/debug/.build-id/41/86944c50f8a32b47d74931e3f512b811813b64.debug ..
--270724--   .. build-id is valid
--270724-- Reading syms from /usr/libexec/valgrind/memcheck-amd64-linux
--270724--    object doesn't have a symbol table
--270724--    object doesn't have a dynamic symbol table
--270724-- Scheduler: using generic scheduler lock implementation.
--270724-- Reading suppressions file: /usr/libexec/valgrind/default.supp
==270724== embedded gdbserver: reading from /tmp/vgdb-pipe-from-vgdb-to-270724-by-nilamber-on-???
==270724== embedded gdbserver: writing to   /tmp/vgdb-pipe-to-vgdb-from-270724-by-nilamber-on-???
==270724== embedded gdbserver: shared mem   /tmp/vgdb-pipe-shared-mem-vgdb-270724-by-nilamber-on-???
==270724== 
==270724== TO CONTROL THIS PROCESS USING vgdb (which you probably
==270724== don't want to do, unless you know exactly what you're doing,
==270724== or are doing some strange experiment):
==270724==   /usr/bin/vgdb --pid=270724 ...command...
==270724== 
==270724== TO DEBUG THIS PROCESS USING GDB: start GDB like this
==270724==   /path/to/gdb ./so_long
==270724== and then give GDB the following command
==270724==   target remote | /usr/bin/vgdb --pid=270724
==270724== --pid is optional if only one valgrind process is running
==270724== 
--270724-- REDIR: 0x402aa40 (ld-linux-x86-64.so.2:strlen) redirected to 0x580bcec2 (???)
--270724-- REDIR: 0x402a810 (ld-linux-x86-64.so.2:index) redirected to 0x580bcedc (???)
--270724-- Reading syms from /usr/libexec/valgrind/vgpreload_core-amd64-linux.so
--270724--    object doesn't have a symbol table
--270724-- Reading syms from /usr/libexec/valgrind/vgpreload_memcheck-amd64-linux.so
--270724--    object doesn't have a symbol table
==270724== WARNING: new redirection conflicts with existing -- ignoring it
--270724--     old: 0x0402aa40 (strlen              ) R-> (0000.0) 0x580bcec2 ???
--270724--     new: 0x0402aa40 (strlen              ) R-> (2007.0) 0x0484ee30 strlen
--270724-- REDIR: 0x4027220 (ld-linux-x86-64.so.2:strcmp) redirected to 0x484fcd0 (strcmp)
--270724-- REDIR: 0x402afa0 (ld-linux-x86-64.so.2:mempcpy) redirected to 0x4853840 (mempcpy)
--270724-- Reading syms from /usr/lib/x86_64-linux-gnu/libXext.so.6.4.0
--270724--    object doesn't have a symbol table
--270724-- Reading syms from /usr/lib/x86_64-linux-gnu/libX11.so.6.4.0
--270724--    object doesn't have a symbol table
--270724-- Reading syms from /usr/lib/x86_64-linux-gnu/libm.so.6
--270724--   Considering /usr/lib/debug/.build-id/a5/08ec5d8bf12fb7fd08204e0f87518e5cd0b102.debug ..
--270724--   .. build-id is valid
--270724-- Reading syms from /usr/lib/x86_64-linux-gnu/libc.so.6
--270724--   Considering /usr/lib/debug/.build-id/49/0fef8403240c91833978d494d39e537409b92e.debug ..
--270724--   .. build-id is valid
==270724== WARNING: new redirection conflicts with existing -- ignoring it
--270724--     old: 0x04b52c60 (memalign            ) R-> (1011.0) 0x0484e080 memalign
--270724--     new: 0x04b52c60 (memalign            ) R-> (1017.0) 0x0484e050 aligned_alloc
==270724== WARNING: new redirection conflicts with existing -- ignoring it
--270724--     old: 0x04b52c60 (memalign            ) R-> (1011.0) 0x0484e080 memalign
--270724--     new: 0x04b52c60 (memalign            ) R-> (1017.0) 0x0484e020 aligned_alloc
==270724== WARNING: new redirection conflicts with existing -- ignoring it
--270724--     old: 0x04b52c60 (memalign            ) R-> (1011.0) 0x0484e080 memalign
--270724--     new: 0x04b52c60 (memalign            ) R-> (1017.0) 0x0484e050 aligned_alloc
==270724== WARNING: new redirection conflicts with existing -- ignoring it
--270724--     old: 0x04b52c60 (memalign            ) R-> (1011.0) 0x0484e080 memalign
--270724--     new: 0x04b52c60 (memalign            ) R-> (1017.0) 0x0484e020 aligned_alloc
--270724-- Reading syms from /usr/lib/x86_64-linux-gnu/libxcb.so.1.1.0
--270724--    object doesn't have a symbol table
--270724-- Reading syms from /usr/lib/x86_64-linux-gnu/libXau.so.6.0.0
--270724--    object doesn't have a symbol table
--270724-- Reading syms from /usr/lib/x86_64-linux-gnu/libXdmcp.so.6.0.0
--270724--    object doesn't have a symbol table
--270724-- Reading syms from /usr/lib/x86_64-linux-gnu/libbsd.so.0.11.5
--270724--    object doesn't have a symbol table
--270724-- Reading syms from /usr/lib/x86_64-linux-gnu/libmd.so.0.0.5
--270724--    object doesn't have a symbol table
--270724-- REDIR: 0x4b55720 (libc.so.6:strnlen) redirected to 0x483f220 (_vgnU_ifunc_wrapper)
--270724-- REDIR: 0x4b559e0 (libc.so.6:strpbrk) redirected to 0x483f220 (_vgnU_ifunc_wrapper)
--270724-- REDIR: 0x4b552e0 (libc.so.6:strcmp) redirected to 0x483f220 (_vgnU_ifunc_wrapper)
--270724-- REDIR: 0x4b73cd0 (libc.so.6:wcsnlen) redirected to 0x483f220 (_vgnU_ifunc_wrapper)
--270724-- REDIR: 0x4b566d0 (libc.so.6:memset) redirected to 0x483f220 (_vgnU_ifunc_wrapper)
--270724-- REDIR: 0x4b72540 (libc.so.6:wcslen) redirected to 0x483f220 (_vgnU_ifunc_wrapper)
--270724-- REDIR: 0x4b56c10 (libc.so.6:memcpy@@GLIBC_2.14) redirected to 0x483f220 (_vgnU_ifunc_wrapper)
--270724-- REDIR: 0x4b72370 (libc.so.6:wcschr) redirected to 0x483f220 (_vgnU_ifunc_wrapper)
--270724-- REDIR: 0x4b55260 (libc.so.6:index) redirected to 0x483f220 (_vgnU_ifunc_wrapper)
--270724-- REDIR: 0x4b55960 (libc.so.6:rindex) redirected to 0x483f220 (_vgnU_ifunc_wrapper)
--270724-- REDIR: 0x4b565a0 (libc.so.6:memmove) redirected to 0x483f220 (_vgnU_ifunc_wrapper)
==270724== Preferring higher priority redirection:
--270724--     old: 0x04c4d7c0 (__memcpy_avx_unalign) R-> (2018.0) 0x04850f90 __memcpy_avx_unaligned_erms
--270724--     new: 0x04c4d7c0 (__memcpy_avx_unalign) R-> (2018.1) 0x04852880 memmove
--270724-- REDIR: 0x4b723f0 (libc.so.6:wcscmp) redirected to 0x483f220 (_vgnU_ifunc_wrapper)
--270724-- REDIR: 0x4b569e0 (libc.so.6:stpncpy) redirected to 0x483f220 (_vgnU_ifunc_wrapper)
--270724-- REDIR: 0x4b729b0 (libc.so.6:wmemchr) redirected to 0x483f220 (_vgnU_ifunc_wrapper)
--270724-- REDIR: 0x4b55830 (libc.so.6:strncmp) redirected to 0x483f220 (_vgnU_ifunc_wrapper)
--270724-- REDIR: 0x4b56a70 (libc.so.6:strcasecmp) redirected to 0x483f220 (_vgnU_ifunc_wrapper)
--270724-- REDIR: 0x4b55420 (libc.so.6:strcspn) redirected to 0x483f220 (_vgnU_ifunc_wrapper)
--270724-- REDIR: 0x4b72470 (libc.so.6:wcscpy) redirected to 0x483f220 (_vgnU_ifunc_wrapper)
--270724-- REDIR: 0x4b551d0 (libc.so.6:strcat) redirected to 0x483f220 (_vgnU_ifunc_wrapper)
--270724-- REDIR: 0x4b56b60 (libc.so.6:strncasecmp_l) redirected to 0x483f220 (_vgnU_ifunc_wrapper)
--270724-- REDIR: 0x4b56480 (libc.so.6:bcmp) redirected to 0x483f220 (_vgnU_ifunc_wrapper)
--270724-- REDIR: 0x4b5e570 (libc.so.6:memrchr) redirected to 0x483f220 (_vgnU_ifunc_wrapper)
--270724-- REDIR: 0x4b58010 (libc.so.6:strchrnul) redirected to 0x483f220 (_vgnU_ifunc_wrapper)
--270724-- REDIR: 0x4b55390 (libc.so.6:strcpy) redirected to 0x483f220 (_vgnU_ifunc_wrapper)
--270724-- REDIR: 0x4b56b10 (libc.so.6:strcasecmp_l) redirected to 0x483f220 (_vgnU_ifunc_wrapper)
--270724-- REDIR: 0x4b556a0 (libc.so.6:strlen) redirected to 0x483f220 (_vgnU_ifunc_wrapper)
--270724-- REDIR: 0x4b558d0 (libc.so.6:strncpy) redirected to 0x483f220 (_vgnU_ifunc_wrapper)
--270724-- REDIR: 0x4b56950 (libc.so.6:stpcpy) redirected to 0x483f220 (_vgnU_ifunc_wrapper)
--270724-- REDIR: 0x4b563f0 (libc.so.6:memchr) redirected to 0x483f220 (_vgnU_ifunc_wrapper)
--270724-- REDIR: 0x4b55b00 (libc.so.6:strspn) redirected to 0x483f220 (_vgnU_ifunc_wrapper)
--270724-- REDIR: 0x4b567d0 (libc.so.6:mempcpy) redirected to 0x483f220 (_vgnU_ifunc_wrapper)
--270724-- REDIR: 0x4b56ac0 (libc.so.6:strncasecmp) redirected to 0x483f220 (_vgnU_ifunc_wrapper)
--270724-- REDIR: 0x4b57f80 (libc.so.6:rawmemchr) redirected to 0x483f220 (_vgnU_ifunc_wrapper)
--270724-- REDIR: 0x4c4a610 (libc.so.6:__strrchr_avx2) redirected to 0x484e810 (rindex)
--270724-- REDIR: 0x4b520a0 (libc.so.6:malloc) redirected to 0x4848820 (malloc)
--270724-- REDIR: 0x4b523e0 (libc.so.6:free) redirected to 0x484b210 (free)
--270724-- REDIR: 0x4c4a400 (libc.so.6:__strchrnul_avx2) redirected to 0x4853330 (strchrnul)
--270724-- REDIR: 0x4c4a7e0 (libc.so.6:__strlen_avx2) redirected to 0x484ed10 (strlen)
--270724-- REDIR: 0x4c45d80 (libc.so.6:__strncmp_avx2) redirected to 0x484f3e0 (strncmp)
--270724-- REDIR: 0x4b53520 (libc.so.6:calloc) redirected to 0x484d9d0 (calloc)
--270724-- REDIR: 0x4c4d7c0 (libc.so.6:__memcpy_avx_unaligned_erms) redirected to 0x4852880 (memmove)
--270724-- REDIR: 0x4be17e0 (libc.so.6:__strcpy_chk) redirected to 0x48533a0 (__strcpy_chk)
--270724-- REDIR: 0x4b55fc0 (libc.so.6:__GI_strstr) redirected to 0x4853ae0 (__strstr_sse2)
--270724-- REDIR: 0x4c46a80 (libc.so.6:__memcmp_avx2_movbe) redirected to 0x4852010 (bcmp)
--270724-- REDIR: 0x4c4df80 (libc.so.6:__memset_avx2_unaligned_erms) redirected to 0x4852770 (memset)
--270724-- REDIR: 0x4c4d780 (libc.so.6:__mempcpy_avx_unaligned_erms) redirected to 0x4853440 (mempcpy)
--270724-- REDIR: 0x4b52740 (libc.so.6:realloc) redirected to 0x484dc50 (realloc)
--270724-- REDIR: 0x4c4c040 (libc.so.6:__strncpy_avx2) redirected to 0x484efe0 (strncpy)
--270724-- REDIR: 0x4c45940 (libc.so.6:__strcmp_avx2) redirected to 0x484fbd0 (strcmp)
--270724-- REDIR: 0x4c4bcb0 (libc.so.6:__strcpy_avx2) redirected to 0x484ee60 (strcpy)
==270724== 
==270724== HEAP SUMMARY:
==270724==     in use at exit: 0 bytes in 0 blocks
==270724==   total heap usage: 19,318 allocs, 19,318 frees, 1,918,611 bytes allocated
==270724== 
==270724== All heap blocks were freed -- no leaks are possible
==270724== 
==270724== ERROR SUMMARY: 0 errors from 0 contexts (suppressed: 1 from 1)
--270724-- 
--270724-- used_suppression:      1 X on SUSE11 writev uninit padding /usr/libexec/valgrind/default.supp:377
==270724== 
==270724== ERROR SUMMARY: 0 errors from 0 contexts (suppressed: 1 from 1)
